-956 42
-937 42
-937 28
-925 2
-925 -10
-912 -29
-906 -49
-888 -69
-888 -69
-10000 -10000
-850 74
-856 55
-863 35
-863 22
-863 2
-869 -29
-875 -49
-875 -75
-888 -108
-894 -128
-900 -147
-919 -173
-937 -193
-956 -200
-969 -193
-969 -193
-10000 -10000
-517 83
-501 75
-471 73
-449 70
-416 70
-397 70
-364 70
-359 70
-10000 -10000
-495 -8
-473 -16
-449 -16
-416 -11
-378 -11
-345 -13
-337 -16
-10000 -10000
14 150
15 152
4 141
-19 110
-46 60
-76 13
-91 -11
-93 -15
-91 -6
-83 20
-67 55
-39 110
-7 140
16 153
30 146
38 124
42 80
43 46
44 7
51 -19
56 -23
-10000 -10000
-37 70
-44 74
-37 74
-11 73
25 72
51 72
63 74
66 76
63 77
-10000 -10000
289 51
285 51
267 52
242 50
212 44
189 36
168 25
156 16
147 7
143 -3
136 -17
130 -30
127 -43
120 -52
118 -54
-10000 -10000
84 30
86 30
90 29
101 27
122 21
145 14
164 4
181 -5
193 -15
206 -24
218 -33
231 -40
246 -44
250 -45
-10000 -10000
372 1
369 1
372 1
378 2
387 1
400 2
415 2
433 4
450 4
467 5
479 4
488 4
494 5
495 5
-10000 -10000
426 46
426 47
426 46
426 44
428 39
429 27
429 13
429 0
429 -4
429 -21
428 -30
428 -39
428 -45
429 -48
429 -48
429 -48
429 -47
-10000 -10000
716 200
706 188
693 156
677 117
655 60
631 4
612 -37
605 -50
-10000 -10000
715 173
715 175
721 173
730 165
743 146
755 113
765 66
780 10
799 -37
814 -62
821 -67
821 -65
-10000 -10000
669 54
668 62
677 64
703 64
736 68
753 71
759 73
759 75
-10000 -10000
882 175
882 182
885 188
890 190
893 190
895 190
898 189
904 189
906 189
907 189
908 189
908 189
908 190
908 191
908 192
908 193
907 193
907 193
907 194
907 194
907 194
907 194
907 194
908 194
908 194
908 194
908 195
907 196
907 196
907 196
907 196
907 196
907 197
909 198
912 198
916 196
919 194
924 182
924 170
918 148
906 124
895 105
886 93
882 86
881 84
883 83
894 84
912 90
936 103
957 111
967 114
969 114
967 112
964 108
-10000 -10000
